102.01.07 14:41 B C:\DEVELOP\PDV3\Aplitec.exe --> www.fortunaonline.com.br /fortunaon/wwwroot/DOWLOAD Aplitec.exe
102.01.07 14:42 B C:\DEVELOP\PDV3\MP20DRV.EXE --> www.fortunaonline.com.br /fortunaon/wwwroot/DOWLOAD MP20DRV.EXE
102.01.07 14:42 B C:\DEVELOP\PDV3\UNIVESA.EXE --> www.fortunaonline.com.br /fortunaon/wwwroot/DOWLOAD UNIVESA.EXE
102.02.06 11:50 B c:\develop\pdv3\PDV.ZIP --> www.fortunaonline.com.br /fortunaon/wwwroot/DOWLOAD PDV.ZIP
102.02.06 13:33 B C:\DEVELOP\PDV3\PDV.ZIP --> www.fortunaonline.com.br /fortunaon/wwwroot/DOWLOAD PDV.ZIP
102.02.06 14:08 B C:\DEVELOP\PDV3\PDV.ZIP --> www.fortunaonline.com.br /fortunaon/wwwroot/DOWLOAD PDV.ZIP
102.02.07 15:41 B C:\DEVELOP\PDV3\PDV.ZIP --> www.fortunaonline.com.br /fortunaon/wwwroot/DOWLOAD PDV.ZIP
102.02.13 20:55 B C:\DEVELOP\PDV3\INFO.EXE --> www.fortunaonline.com.br /fortunaon/wwwroot/DOWLOAD INFO.EXE
102.02.14 16:03 B C:\DEVELOP\PDV3\PDV.ZIP --> www.fortunaonline.com.br /fortunaon/wwwroot/DOWLOAD PDV.ZIP
102.02.14 16:27 B C:\DEVELOP\PDV3\PDV.ZIP --> www.fortunaonline.com.br /fortunaon/wwwroot/DOWLOAD PDV.ZIP
102.04.05 17:08 B C:\DEVELOP\PDV3\DRV.ZIP --> siteserver.plug-in.com.br /hpfortunaonline/Html/dowload DRV.ZIP
102.04.05 17:09 B C:\DEVELOP\PDV3\DRV.ZIP --> siteserver.plug-in.com.br /hpfortunaonline/Html/dowload DRV.ZIP
102.04.05 17:09 B C:\DEVELOP\PDV3\DRV.ZIP --> siteserver.plug-in.com.br /hpfortunaonline/Html/dowload DRV.ZIP
102.04.23 13:17 B C:\DEVELOP\PDV3\PDV.ZIP --> siteserver.plug-in.com.br /hpfortunaonline/Html/dowload PDV.ZIP
102.05.17 15:23 B C:\DEVELOP\PDV3\PDV.ZIP --> siteserver.plug-in.com.br /hpfortunaonline/Html/dowload PDV.ZIP
102.05.22 10:35 B C:\DEVELOP\PDV3\sisvbe.exe --> siteserver.plug-in.com.br /hpfortunaonline/Html/dowload sisvbe.exe
102.05.22 10:35 B C:\DEVELOP\PDV3\sisvbe.exe --> siteserver.plug-in.com.br /hpfortunaonline/Html/dowload sisvbe.exe
102.05.22 10:35 B C:\DEVELOP\PDV3\UNIVESA.EXE --> siteserver.plug-in.com.br /hpfortunaonline/Html/dowload UNIVESA.EXE
102.06.10 15:46 B C:\DEVELOP\PDV3\PDV.ZIP --> siteserver.plug-in.com.br /hpfortunaonline/Html/dowload PDV.ZIP
102.06.10 15:50 B C:\DEVELOP\PDV3\PDV.ZIP --> siteserver.plug-in.com.br /hpfortunaonline/Html/dowload PDV.ZIP
102.06.11 09:52 B C:\develop\pdv3\IMP.PRG --> siteserver.plug-in.com.br /hpfortunaonline/Html/dowload IMP.PRG
102.06.11 10:22 B C:\DEVELOP\PDV3\PDV.ZIP --> siteserver.plug-in.com.br /hpfortunaonline/Html/dowload PDV.ZIP
102.08.09 16:02 B C:\DEVELOP\PDV3\SWPDV.EXE --> siteserver.plug-in.com.br /hpfortunaonline/Html SWPDV.EXE
102.08.09 16:29 B C:\DEVELOP\PDV3\SWPDV.EXE --> siteserver.plug-in.com.br /hpfortunaonline/Html/dowload SWPDV.EXE
102.08.14 13:46 B C:\DEVELOP\PDV3\SIGDRV.SYS --> siteserver.plug-in.com.br /hpfortunaonline/Html/dowload SIGDRV.SYS
102.11.07 15:26 B C:\Develop\PDV3\PDV.ZIP --> siteserver.plug-in.com.br /hpfortunaonline/Html/dowload PDV.ZIP
