// ## CL2HB.EXE - Converted
#include "VPF.CH" 
#include "INKEY.CH" 
/***** 
ÚÄÄÄÄÄÄÄÄÄÄÄÄÄ¿ 
³ Funcao      ³ VPC91320 
³ Finalidade  ³ Movimento de transferencia 
³ Parametros  ³ Nil 
³ Retorno     ³ Nil 
³ Programador ³ Valmor Pereira Flores 
³ Data        ³ 
ÀÄÄÄÄÄÄÄÄÄÄÄÄÄÙ 
*/
#ifdef HARBOUR
function vpc91900()
#endif

loca nCURSOR:=setcursor(), cCOR:=setcolor(), cTELA, oTAB,; 
     cTELAR:=screensave(00,00,nMAXLIN,nMAXCOL), cTELA2,; 
     dDATA1:=dDATA2:=date(), cTELA0, nTela:= 1 
Local nDebito:= 0, nCredit:= 0 
Local cTipo 
Local dDataLan:= DATE(), aDuplicatas:= {} 
Local nVlrDeb:= 0, nVlrCred:= 0, nVlrSaldo:= 0,; 
      dData:= DATE(), cHistor1:= cHistor2:= Space( 30 ) 
Local aLancamento:= {} 
Local oTab2 
if(!file(_VPB_FORNECEDOR),createvpb(_COD_FORNECEDOR),nil) 
if !fdbusevpb(_COD_DESPESAS,2) 
   return nil 
endif 
dbgotop() 
setcursor(0) 
 
Mensagem("[Tab]Janela [F11]Extrato [F10]MovAtual [F9]At.Saldos [ENTER]Seleciona") 
ajuda("["+_SETAS+"][PgUp][PgDn]Movimenta") 
 
Set( _SET_DELIMITERS, .F. ) 
 
VPBOX( 13, 00, 22, 40, " Transferencias ", "15/00", .F., .F. ) 
SetColor( "07/00" ) 
@ 14, 02 Say " Saldo.............." 
@ 15, 02 Say " Valor Origem  (Sai)" 
@ 16, 02 Say " Valor Destino (Ent)" 
@ 17, 02 Say " ÄÄÄÄÄÄÄÄÄÄÄÄÄÄÄÄÄÄ " 
@ 18, 02 Say " Historico          " 
SetColor( "15/01" ) 
@ 19, 05 Say Space( 30 ) 
@ 20, 05 Say Space( 30 ) 
SetColor( "07/00" ) 
@ 21, 02 Say " Data Lancamento    " 
 
SetColor( _COR_BROWSE ) 
DBSelectAr( _COD_RECEITAS ) 
DBLeOrdem() 
VPBOX( 00, 00, 12, 40, " Receitas ", _COR_BROW_BOX, .F., .F. ) 
oTAB1:=tbrowsedb( 01, 01, 11, 39 ) 
oTAB1:addcolumn(tbcolumnnew(,{|| STRZERO(REC->CODIGO,4,0)+" "+REC->DESCRI })) 
oTAB1:AUTOLITE:=.F. 
oTAB1:dehilite() 
 
DBSelectAr( _COD_BANCO ) 
dBLeOrdem() 
VPBOX( 00, 41, 12, 79, " Bancos ", _COR_BROW_BOX, .F., .F. ) 
oTAB2:=tbrowsedb( 01, 42, 11, 78 ) 
oTAB2:addcolumn(tbcolumnnew(,{|| STRZERO(CODIGO,4,0)+" "+DESCRI })) 
oTAB2:AUTOLITE:=.F. 
oTAB2:dehilite() 
 
DBSelectAr( _COD_DESPESAS ) 
DBLeOrdem() 
VPBOX( 13, 41, 22, 79, " Despesas ", _COR_BROW_BOX, .F., .F. ) 
oTAB3:=tbrowsedb( 14, 42, 21, 78 ) 
oTAB3:addcolumn(tbcolumnnew(,{|| STRZERO(CODIGO,4,0)+" "+DESCRI })) 
oTAB3:AUTOLITE:=.F. 
oTAB3:dehilite() 
 
nTela:= 1 
DBSelectAr( _COD_RECEITAS ) 
 
WHILE .T. 
   IF nVlrDeb == 0 
      SetColor( "07/00" ) 
      @ 15, 02 Say " Valor Origem  (Sai)                 " 
      @ 16, 02 Say " Valor Destino (Ent)                 " 
      @ 17, 02 Say " ÄÄÄÄÄÄÄÄÄÄÄÄÄÄÄÄÄÄ                  " 
      @ 18, 02 Say " Historico                           " 
      SetColor( "15/01" ) 
      @ 19, 05 Say Space( 30 ) 
      @ 20, 05 Say Space( 30 ) 
      SetColor( "07/00" ) 
      @ 21, 02 Say " Data Lancamento    " 
      SetColor( _COR_BROWSE ) 
   ENDIF 
 
   IF nTela == 1 
      DBSelectAr( _COD_RECEITAS ) 
      oTab1:RefreshCurrent() 
      WHILE !oTab1:Stabilize() 
      ENDDO 
      oTab1:colorrect({oTab1:ROWPOS,1,oTab1:ROWPOS,oTab1:COLCOUNT},{2,1}) 
      whil nextkey()==0 .and.! oTab1:stabilize() 
      enddo 
   ELSEIF nTela == 2 
      DBSelectAr( _COD_BANCO ) 
      oTab2:RefreshCurrent() 
      WHILE !oTab2:Stabilize() 
      ENDDO 
      oTAB2:colorrect({oTab2:ROWPOS,1,oTab2:ROWPOS,oTab2:COLCOUNT},{2,1}) 
      whil nextkey()==0 .and.! oTab2:stabilize() 
      enddo 
   ELSE 
      DBSelectAr( _COD_DESPESAS ) 
      oTab3:RefreshCurrent() 
      WHILE !oTab3:Stabilize() 
      ENDDO 
      oTab3:colorrect({oTab3:ROWPOS,1,oTab3:ROWPOS,oTab3:COLCOUNT},{2,1}) 
      whil nextkey()==0 .and.! oTab3:stabilize() 
      enddo 
   ENDIF 
 
   @ 14, 22 Say SALDO_ Pict "@E 9,999,999.99" 
   @ 15, 22 Say nVlrDeb Pict "@E 9,999,999.99" 
 
   IF ( nTecla:=inkey(0) )==K_ESC 
      IF ! nVlrDeb == 0 
         cTelaRes:= ScreenSave( 0, 0, 24, 79 ) 
         Aviso( "Restam valores a serem movimentados!" ) 
         Mensagem( "Pressione [TAB] para sair mesmo assim." ) 
         nTecla:= Inkey(0) 
         IF nTela==K_TAB 
            EXIT 
         ENDIF 
         ScreenRest( cTelaRes ) 
      ELSE 
         EXIT 
      ENDIF 
   ENDIF 
 
   IF nTecla==K_TAB 
      IF nTela == 1 
         nTela:= 2 
      ELSEIF nTela == 2 
         nTela:= 3 
      ELSE 
         nTela:= 1 
      ENDIF 
      IF nTela == 1 
         DBSelectAr( _COD_BANCO ) 
         oTAB2:refreshAll() 
         WHILE !oTab2:Stabilize() 
         ENDDO 
         DBSelectAr( _COD_DESPESAS ) 
         oTAB3:refreshAll() 
         WHILE !oTab3:Stabilize() 
         ENDDO 
         DBSelectAr( _COD_RECEITAS ) 
      ELSEIF nTela == 2 
         DBSelectAr( _COD_RECEITAS ) 
         oTAB1:refreshAll() 
         WHILE !oTab1:Stabilize() 
         ENDDO 
         DBSelectAr( _COD_DESPESAS ) 
         oTAB3:refreshAll() 
         WHILE !oTab3:Stabilize() 
         ENDDO 
         DBSelectAr( _COD_BANCO ) 
      ELSE 
         DBSelectAr( _COD_RECEITAS ) 
         oTab1:refreshAll() 
         WHILE !oTab1:Stabilize() 
         ENDDO 
         DBSelectAr( _COD_BANCO ) 
         oTab2:refreshAll() 
         WHILE !oTab2:Stabilize() 
         ENDDO 
         DBSelectAr( _COD_DESPESAS ) 
      ENDIF 
   ELSEIF nTecla == K_F9 
      nDebito:= 0 
      nCredit:= 0 
      /* Busca de Informacoes & Atualizacao de Saldo */ 
      cTelaRes:= ScreenSave( 0, 0, 24, 79 ) 
      nAreaRes:= Select() 
      nRegistro:= RECNO() 
      IF nTela == 1 
         cTipo:= "R" 
      ELSEIF nTela == 2 
         cTipo:= "T" 
      ELSEIF nTela == 3 
         cTipo:= "D" 
      ENDIF 
      IF cTipo == "R" 
         DBSelectAr( _COD_RECEITAS ) 
      ELSEIF cTipo == "D" 
         DBSelectAr( _COD_DESPESAS ) 
      ELSEIF cTipo == "T" 
         DBSelectAr( _COD_BANCO ) 
      ENDIF 
      DBGoTop() 
      WHILE !EOF() 
          Ajuda( "Atualizando o Saldo da Conta " + Alltrim( DESCRI ) ) 
          nCodigo:= CODIGO 
          DBSelectAr( _COD_MOVIMENTO ) 
// ## CL2HB-ERRO - Talvez estas linhas ainda necessitem de correcoes, verifique
          Index ON DATA__ TO IND001N FOR TCONTA==cTipo .AND. NCONTA==nCodigo EVAL {|| Processo() } 
          DBGoTop() 
          nDebito:= 0 
          nCredit:= 0 
          WHILE !EOF() 
             nDebito:= nDebito + DEBITO 
             nCredit:= nCredit + CREDIT 
             DBSkip() 
          ENDDO 
          IF cTipo == "R" 
             DBSelectAr( _COD_RECEITAS ) 
          ELSEIF cTipo == "D" 
             DBSelectAr( _COD_DESPESAS ) 
          ELSEIF cTipo == "T" 
             DBSelectAr( _COD_BANCO ) 
          ENDIF 
          IF NetRlock() 
             Replace SALDO_ With nCredit - nDebito 
          ENDIF 
          IF cTipo == "R" 
             DBSelectAr( _COD_RECEITAS ) 
          ELSEIF cTipo == "D" 
             DBSelectAr( _COD_DESPESAS ) 
          ELSEIF cTipo == "T" 
             DBSelectAr( _COD_BANCO ) 
          ENDIF 
          DBSkip() 
      ENDDO 
      DBSelectAr( _COD_MOVIMENTO ) 

      // Linhas corrigidas pelo programa de correcao cl2hb.exe em 19/08/2003
      #ifdef LINUX
        set index to "&gdir/movind01.ntx", "&gdir/movind02.ntx"   
      #else 
        Set Index To "&GDir\MOVIND01.NTX", "&GDir\MOVIND02.NTX"   
      #endif
      DBSelectAr( nAreaRes ) 
      DBGoTo( nRegistro ) 
      ScreenRest( cTelaRes ) 
 
   ELSEIF nTecla == K_F11         /* Tecla F11 - Visualiza todos os lancamentos da conta */ 
      IF nTela == 1 
         cTipo:= "R" 
      ELSEIF nTela == 2 
         cTipo:= "T" 
      ELSEIF nTela == 3 
         cTipo:= "D" 
      ENDIF 
      VisualDiario( cTipo ) 
 
   ELSEIF nTecla == K_F10         /* Tecla F10 - Visualiza lancamentos */ 
      VisualLancamento( aLancamento ) 
 
   ENDIF 
 
   IF nTela == 1 
      do case 
         case nTecla==K_UP         ;oTab1:up() 
         case nTecla==K_LEFT       ;oTab1:up() 
         case nTecla==K_RIGHT      ;oTab1:down() 
         case nTecla==K_DOWN       ;oTab1:down() 
         case nTecla==K_PGUP       ;oTab1:pageup() 
         case nTecla==K_PGDN       ;oTab1:pagedown() 
         case nTecla==K_CTRL_PGUP  ;oTab1:gotop() 
         case nTecla==K_CTRL_PGDN  ;oTab1:gobottom() 
         case nTecla==K_TAB 
         case nTecla==K_INS 
              IF CODIGO == 0 
                 cHistor1:= Space( 30 ) 
                 cHistor2:= Space( 30 ) 
                 dDataLan:= DATE() 
                 nVlrCred:= BuscaDuplicatas( aDuplicatas, @cHistor1 ) 
                 dDataLan:= DATE() 
                 cHistor1:= PAD( cHistor1, 30 ) 
              ENDIF 
              @ 16, 22 Get nVlrCred Pict "@E 9,999,999.99" 
              @ 19, 05 Get cHistor1 
              @ 20, 05 Get cHistor2 
              @ 21, 22 Get dDataLan 
              READ 
              IF !LastKey() == K_ESC .AND. !nVlrCred == 0 
                 LancaMovimento( dDataLan, REC->CODIGO, REC->DESCRI, "R", cHistor1, cHistor2, 0, nVlrCred ) 
                 LancaSaldos( REC->CODIGO, REC->DESCRI, "R", 0, nVlrCred ) 
                 AAdd( aLancamento, { dDataLan,; 
                                   REC->CODIGO,; 
                                   REC->DESCRI,; 
                                   "R",; 
                                   cHistor1,; 
                                   cHistor2,; 
                                   0,; 
                                   nVlrCred } ) 
              ENDIF 
              nVlrSaldo:= 0 
              nVlrCred:= 0 
              nVlrDeb:= 0 
              aDuplicatas:= {} 
         case nTecla==K_ENTER 
              SetCursor( 1 ) 
              IF nVlrDeb == 0 
                 IF REC->SALDO_ <= 0 
                    SetCursor( 0 ) 
                    cTelaRes:= ScreenSave( 0, 0, 24, 79 ) 
                    Aviso( "Esta conta esta sem saldo!" ) 
                    Pausa() 
                    ScreenRest( cTelaRes ) 
                 ELSE 
                    IF CODIGO == 0 
                       aDuplicatas:= {} 
                       nVlrDeb:= 0 
                       cHistor1:= Space( 30 ) 
                       cHistor2:= Space( 30 ) 
                       cHistor1:= PAD( cHistor1, 30 ) 
                       dDataLan:= DATE() 
                    ELSE 
                       nVlrDeb:= 0 
                       cHistor1:= Space( 30 ) 
                       cHistor2:= Space( 30 ) 
                       dDataLan:= DATE() 
                    ENDIF 
                    @ 15, 22 Get nVlrDeb Pict "@E 9,999,999.99" 
                    @ 19, 05 Get cHistor1 
                    @ 20, 05 Get cHistor2 
                    @ 21, 22 Get dDataLan 
                    READ 
                    IF !LastKey() == K_ESC 
                       LancaMovimento( dDataLan, REC->CODIGO, REC->DESCRI, "R", cHistor1, cHistor2, nVlrDeb, 0 ) 
                       LancaSaldos( REC->CODIGO, REC->DESCRI, "R", nVlrDeb, 0 ) 
                       AAdd( aLancamento, { dDataLan,; 
                                         REC->CODIGO,; 
                                         REC->DESCRI,; 
                                         "R",; 
                                         cHistor1,; 
                                         cHistor2,; 
                                         nVlrDeb,; 
                                         0 } ) 
                       nVlrSaldo:= nVlrDeb 
                    ELSE 
                       nVlrDeb:= 0 
                    ENDIF 
                 ENDIF 
              ELSE 
                 nVlrCred:= 0 
                 dDataLan:= DATE() 
                 @ 16, 22 Get nVlrCred Pict "@E 9,999,999.99" 
                 @ 19, 05 Get cHistor1 
                 @ 20, 05 Get cHistor2 
                 @ 21, 22 Get dDataLan 
                 READ 
                 IF !nVlrCred == 0 
                    LancaMovimento( dDataLan, REC->CODIGO, REC->DESCRI, "R", cHistor1, cHistor2, 0, nVlrCred ) 
                    LancaSaldos( REC->CODIGO, REC->DESCRI, "R", 0, nVlrCred ) 
                    AAdd( aLancamento, { dDataLan,; 
                                         REC->CODIGO,; 
                                         REC->DESCRI,; 
                                         "R",; 
                                         cHistor1,; 
                                         cHistor2,; 
                                         0,; 
                                         nVlrCred } ) 
                     nVlrSaldo:= nVlrSaldo - nVlrCred 
                     nVlrDeb:= nVlrSaldo 
                     nVlrCred:= 0 
                 ENDIF 
              ENDIF 
              SetCursor( 0 ) 
         case nTecla == K_F2 
              DBMudaOrdem( 1, oTab1 ) 
         case nTecla == K_F3 
              DBMudaOrdem( 2, oTab1 ) 
         case DBPesquisa( nTecla, oTab1 ) 
         otherwise 
      endcase 
      oTab1:refreshcurrent() 
      oTab1:stabilize() 
   ELSEIF nTela == 2 
      do case 
         case nTecla==K_UP         ;oTab2:up() 
         case nTecla==K_LEFT       ;oTab2:up() 
         case nTecla==K_RIGHT      ;oTab2:down() 
         case nTecla==K_DOWN       ;oTab2:down() 
         case nTecla==K_PGUP       ;oTab2:pageup() 
         case nTecla==K_PGDN       ;oTab2:pagedown() 
         case nTecla==K_CTRL_PGUP  ;oTab2:gotop() 
         case nTecla==K_CTRL_PGDN  ;oTab2:gobottom() 
         case nTecla==K_ENTER 
              SetCursor( 1 ) 
              IF nVlrDeb == 0 
                 IF BAN->SALDO_ <= 0 
                    SetCursor( 0 ) 
                    cTelaRes:= ScreenSave( 0, 0, 24, 79 ) 
                    Aviso( "Esta conta esta sem saldo!" ) 
                    Pausa() 
                    ScreenRest( cTelaRes ) 
                 ELSE 
                    nVlrDeb:= 0 
                    cHistor1:= Space( 30 ) 
                    cHistor2:= Space( 30 ) 
                    dDataLan:= DATE() 
                    @ 15, 22 Get nVlrDeb Pict "@E 9,999,999.99" 
                    @ 19, 05 Get cHistor1 
                    @ 20, 05 Get cHistor2 
                    @ 21, 22 Get dDataLan 
                    READ 
                    IF !LastKey() == K_ESC 
                       LancaMovimento( dDataLan, BAN->CODIGO, BAN->DESCRI, "T", cHistor1, cHistor2, nVlrDeb, 0 ) 
                       LancaSaldos( BAN->CODIGO, BAN->DESCRI, "T", nVlrDeb, 0 ) 
                       AAdd( aLancamento, { dDataLan,; 
                                            BAN->CODIGO,; 
                                            BAN->DESCRI,; 
                                            "T",; 
                                            cHistor1,; 
                                            cHistor2,; 
                                            nVlrDeb,; 
                                            0 } ) 
                      nVlrSaldo:= nVlrDeb 
                    ENDIF 
                 ENDIF 
              ELSE 
                 nVlrCred:= 0 
                 dDataLan:= DATE() 
                 @ 16, 22 Get nVlrCred Pict "@E 9,999,999.99" 
                 @ 19, 05 Get cHistor1 
                 @ 20, 05 Get cHistor2 
                 @ 21, 22 Get dDataLan 
                 READ 
                 IF !nVlrCred == 0 
                    LancaMovimento( dDataLan, BAN->CODIGO, BAN->DESCRI, "T", cHistor1, cHistor2, 0, nVlrCred ) 
                    LancaSaldos( BAN->CODIGO, BAN->DESCRI, "T", 0, nVlrCred ) 
                    AAdd( aLancamento, { dDataLan,; 
                                         BAN->CODIGO,; 
                                         BAN->DESCRI,; 
                                         "T",; 
                                         cHistor1,; 
                                         cHistor2,; 
                                         0,; 
                                         nVlrCred } ) 
                    nVlrSaldo:= nVlrSaldo - nVlrCred 
                    nVlrDeb:= nVlrSaldo 
                 ENDIF 
              ENDIF 
              SetCursor( 0 ) 
         case nTecla == K_F2 
              DBMudaOrdem( 1, oTab2 ) 
         case nTecla == K_F3 
              DBMudaOrdem( 2, oTab2 ) 
         case DBPesquisa( nTecla, oTab2 ) 
 
         otherwise 
      endcase 
      oTab2:refreshcurrent() 
      oTab2:stabilize() 
   ELSE 
      do case 
         case nTecla==K_UP         ;oTab3:up() 
         case nTecla==K_LEFT       ;oTab3:up() 
         case nTecla==K_RIGHT      ;oTab3:down() 
         case nTecla==K_DOWN       ;oTab3:down() 
         case nTecla==K_PGUP       ;oTab3:pageup() 
         case nTecla==K_PGDN       ;oTab3:pagedown() 
         case nTecla==K_CTRL_PGUP  ;oTab3:gotop() 
         case nTecla==K_CTRL_PGDN  ;oTab3:gobottom() 
         case nTecla==K_ENTER 
              SetCursor( 1 ) 
              IF nVlrDeb == 0 
                 SetCursor( 0 ) 
                 cTelaRes:= ScreenSave( 0, 0, 24, 79 ) 
                 Aviso( "Voce nao pode retirar dinheiro de uma despesa!" ) 
                 Pausa() 
                 ScreenRest( cTelaRes ) 
              ELSE 
                 nVlrCred:= BuscaPagar( nVlrDeb, cHistor1 ) 
                 dDataLan:= DATE() 
                 @ 16, 22 Get nVlrCred Pict "@E 9,999,999.99" 
                 @ 19, 05 Get cHistor1 
                 @ 20, 05 Get cHistor2 
                 @ 21, 22 Get dDataLan 
                 READ 
                 IF !nVlrCred == 0 
                    LancaMovimento( dDataLan, DES->CODIGO, DES->DESCRI, "D", cHistor1, cHistor2, 0, nVlrCred ) 
                    LancaSaldos( DES->CODIGO, DES->DESCRI, "D", 0, nVlrCred ) 
                    AAdd( aLancamento, { dDataLan,; 
                                         DES->CODIGO,; 
                                         DES->DESCRI,; 
                                         "D",; 
                                         cHistor1,; 
                                         cHistor2,; 
                                         0,; 
                                         nVlrCred } ) 
                    nVlrSaldo:= nVlrSaldo - nVlrCred 
                    nVlrDeb:= nVlrSaldo 
                 ENDIF 
              ENDIF 
              SetCursor( 0 ) 
         case nTecla == K_F2 
              DBMudaOrdem( 1, oTab3 ) 
         case nTecla == K_F3 
              DBMudaOrdem( 2, oTab3 ) 
         case DBPesquisa( nTecla, oTab3 ) 
 
         otherwise 
      endcase 
      oTab3:refreshcurrent() 
      oTab3:stabilize() 
   ENDIF 
enddo 
dbunlockall() 
FechaArquivos() 
dbunlockall() 
/* Fecha arquivos de fornecedor e despesas, 
   para corrigir um defeito detectado no 
   cliente PONTOSUL Relogios, onde toda a vez 
   que fosse cadastrado novo fornecedor o 
   arquivo de indice ficava TRUNCADO */ 
DBSelectAr( _COD_FORNECEDOR ) 
DBCloseArea() 
DBSelectAr( _COD_DESPESAS ) 
DBCloseArea() 
FdbUsevpb( _COD_FORNECEDOR, 2, Nil, .T. ) 
FdbUsevpb( _COD_DESPESAS, 2, Nil ) 
ScreenRest( cTELAR ) 
SetColor( cCOR ) 
SetCursor( nCURSOR ) 
return nil 
 
 
/***** 
ÚÄÄÄÄÄÄÄÄÄÄÄÄÄ¿ 
³ Funcao      ³ VISUALLANCAMENTO 
³ Finalidade  ³ Visualizar lancamentos efetuados 
³ Parametros  ³ Nil 
³ Retorno     ³ Nil 
³ Programador ³ Valmor Pereira Flores 
³ Data        ³ 
ÀÄÄÄÄÄÄÄÄÄÄÄÄÄÙ 
*/ 
Static Function VisualLancamento( aLancamentos ) 
Local cCor:= SetColor(), nCursor:= SetCursor(),; 
      cTela:= ScreenSave( 0, 0, 24, 79 ) 
Local nRow:= 1 
Local oTab 
  IF Len( aLancamentos ) <= 0 
     Return Nil 
  ENDIF 
  SetColor( _COR_GET_EDICAO ) 
  VPBox( 05, 03, 18, 75, " LANCAMENTOS EFETUADOS ", _COR_GET_BOX ) 
  @ 15, 04 Say "Ä Observacoes ÄÄÄÄÄÄÄÄÄÄÄÄÄÄÄÄÄÄÄÄÄÄÄÄÄÄÄÄÄÄÄÄÄÄÄÄÄÄÄÄÄ" 
  oTab:= TBrowseNew( 06, 04, 14, 74 ) 
  oTAB:addcolumn(tbcolumnnew(  "Data          Conta                                Saidas     Entradas ",; 
                               {|| DTOC( aLancamentos[nROW][1] )+ " " +; 
                                  STRZERO( aLancamentos[nRow][2], 4, 0 ) + " " + ; 
                                   Left( aLancamentos[ nRow ][ 3 ], 28 ) + " " +; 
                                   aLancamentos[ nRow ][ 4 ] + " " +; 
                        Tran( aLancamentos[ nRow ][ 7 ], "@EZ 9,999,999.99" ) + " " +; 
                        Tran( aLancamentos[ nRow ][ 8 ], "@EZ 9,999,999.99" ) })) 
  oTAB:AUTOLITE:=.f. 
  oTAB:GOTOPBLOCK :={|| nROW:=1} 
  oTAB:GOBOTTOMBLOCK:={|| nROW:=len(aLancamentos)} 
  oTAB:SKIPBLOCK:={|WTOJUMP| skipperarr(WTOJUMP,aLancamentos,@nROW)} 
  oTAB:dehilite() 
  lDelimiters:= Set( _SET_DELIMITERS, .F. ) 
  WHILE .T. 
      oTAB:colorrect({oTAB:ROWPOS,1,oTAB:ROWPOS,1},{2,1}) 
      WHILE nextkey()==0 .and. ! oTAB:stabilize() 
      ENDDO 
      SetColor( "15/00" ) 
      @ 16,04 Say aLancamentos[ nRow ][ 5 ] + Space( 20 ) 
      @ 17,04 Say aLancamentos[ nRow ][ 6 ] + Space( 20 ) 
      SetColor( _COR_GET_EDICAO ) 
      nTecla:= Inkey(0) 
      IF nTecla==K_ESC 
         nOpcao:= 0 
         exit 
      ENDIF 
      DO CASE 
         CASE nTecla==K_UP         ;oTAB:up() 
         CASE nTecla==K_DOWN       ;oTAB:down() 
         CASE nTecla==K_LEFT       ;oTAB:up() 
         CASE nTecla==K_RIGHT      ;oTAB:down() 
         CASE nTecla==K_PGUP       ;oTAB:pageup() 
         CASE nTecla==K_CTRL_PGUP  ;oTAB:gotop() 
         CASE nTecla==K_PGDN       ;oTAB:pagedown() 
         CASE nTecla==K_CTRL_PGDN  ;oTAB:gobottom() 
         CASE nTecla==K_F12        ;Calculador() 
         CASE nTecla==K_CTRL_F10   ;Calendar() 
         OTHERWISE 
      ENDCASE 
      oTAB:refreshcurrent() 
      oTAB:stabilize() 
   ENDDO 
   SetColor( cCor ) 
   SetCursor( nCursor ) 
   ScreenRest( cTela ) 
Return Nil 
 
 
/***** 
ÚÄÄÄÄÄÄÄÄÄÄÄÄÄ¿ 
³ Funcao      ³ VISUALDIARIO 
³ Finalidade  ³ Visualizar lancamentos efetuados 
³ Parametros  ³ Nil 
³ Retorno     ³ Nil 
³ Programador ³ Valmor Pereira Flores 
³ Data        ³ 
ÀÄÄÄÄÄÄÄÄÄÄÄÄÄÙ 
*/ 
Static Function VisualDiario( cTipo ) 
Local cCor:= SetColor(), nCursor:= SetCursor(),; 
      cTela:= ScreenSave( 0, 0, 24, 79 ) 
Local nArea:= Select() 
Local aLancamentos:= {} 
Local nRow:= 1 
Local oTab 
Local nDebito:= 0, nCredit:= 0 
 
 
  IF cTipo == "R" 
     DBSelectAr( _COD_RECEITAS ) 
  ELSEIF cTipo == "D" 
     DBSelectAr( _COD_DESPESAS ) 
  ELSEIF cTipo == "T" 
     DBSelectAr( _COD_BANCO ) 
  ENDIF 
 
  nCodigo:= CODIGO 
  DBSelectAr( _COD_MOVIMENTO ) 
// ## CL2HB-ERRO - Talvez estas linhas ainda necessitem de correcoes, verifique
  Index ON DATA__ TO IND001N FOR TCONTA==cTipo .AND. NCONTA==nCodigo EVAL {|| Processo() } 
  DBGoTop() 
  WHILE !EOF() 
     nDebito:= nDebito + DEBITO 
     nCredit:= nCredit + CREDIT 
     DBSkip() 
  ENDDO 
  DBGoTop() 
  Mensagem( "Pressione [ESC] para sair" ) 
  lDelimiters:= Set( _SET_DELIMITERS, .F. ) 
  SetColor( _COR_GET_EDICAO ) 
  VPBox( 05, 03, 18, 75, " LANCAMENTOS EFETUADOS ", _COR_GET_BOX ) 
  @ 15, 04 Say "Ä Observacoes ÄÄÄÄÄÄÄÄÄÄÄÄÄÄÄÄÄÄÄÄÄÄÄÄÄÄÄÄÄÄÄÄÄÄÄÄÄÄÄÄÄ TOTAIS ÄÄÄÄÄÄÄ" 
  @ 16, 49 Say Tran( nDebito, "@E 9,999,999.99" ) + " " + Tran( nCredit, "@E 9,999,999.99" ) 
  @ 17, 49 Say " Saldo Atual " + Tran( nCredit - nDebito, "@E 9,999,999.99" ) 
  oTab:= TBrowseDB( 06, 04, 14, 74 ) 
  oTAB:addcolumn(tbcolumnnew(  "Data          Conta                                Saidas     Entradas ",; 
                               {|| DTOC( DATA__ )+ " " +; 
                                  STRZERO( NCONTA, 4, 0 ) + " " + ; 
                                   Left( DCONTA, 28 ) + " " +; 
                                   TCONTA + " " +; 
                        Tran( DEBITO, "@EZ 9,999,999.99" ) + " " +; 
                        Tran( CREDIT, "@EZ 9,999,999.99" ) })) 
  oTAB:AUTOLITE:=.f. 
  oTAB:dehilite() 
  WHILE .T. 
      oTAB:colorrect({oTAB:ROWPOS,1,oTAB:ROWPOS,1},{2,1}) 
      WHILE nextkey()==0 .and. ! oTAB:stabilize() 
      ENDDO 
      SetColor( "15/00" ) 
      @ 16,04 Say HISTO1 + Space( 10 ) 
      @ 17,04 Say HISTO2 + Space( 10 ) 
      SetColor( _COR_GET_EDICAO ) 
      nTecla:= Inkey(0) 
      IF nTecla==K_ESC .OR. nTecla == K_TAB 
         IF nTecla == K_TAB 
            Keyboard Chr( K_TAB ) 
         ENDIF 
         nOpcao:= 0 
         exit 
      ENDIF 
      DO CASE 
         CASE nTecla==K_UP         ;oTAB:up() 
         CASE nTecla==K_DOWN       ;oTAB:down() 
         CASE nTecla==K_LEFT       ;oTAB:up() 
         CASE nTecla==K_RIGHT      ;oTAB:down() 
         CASE nTecla==K_PGUP       ;oTAB:pageup() 
         CASE nTecla==K_CTRL_PGUP  ;oTAB:gotop() 
         CASE nTecla==K_PGDN       ;oTAB:pagedown() 
         CASE nTecla==K_CTRL_PGDN  ;oTAB:gobottom() 
         CASE nTecla==K_F12        ;Calculador() 
         CASE nTecla==K_CTRL_F10   ;Calendar() 
         OTHERWISE 
      ENDCASE 
      oTAB:refreshcurrent() 
      oTAB:stabilize() 
   ENDDO 
   SetColor( cCor ) 
   SetCursor( nCursor ) 
   ScreenRest( cTela ) 
   DBSelectAr( _COD_MOVIMENTO ) 

   // Linhas corrigidas pelo programa de correcao cl2hb.exe em 19/08/2003
   #ifdef LINUX
     set index to "&gdir/movind01.ntx", "&gdir/movind02.ntx"   
   #else 
     Set Index To "&GDir\MOVIND01.NTX", "&GDir\MOVIND02.NTX"   
   #endif
   DBSelectAr( nArea ) 
Return Nil 
 
 
 
 
/***** 
ÚÄÄÄÄÄÄÄÄÄÄÄÄÄ¿ 
³ Funcao      ³ BUSCADUPLICATAS 
³ Finalidade  ³ Buscar duplicatas 
³ Parametros  ³ Nil 
³ Retorno     ³ Nil 
³ Programador ³ Valmor Pereira Flores 
³ Data        ³ 02/Setembro/1998 
ÀÄÄÄÄÄÄÄÄÄÄÄÄÄÙ 
*/ 
Static Function BuscaDuplicatas( aDuplicatas, cHistorico ) 
Local cCor:= SetColor(), nCursor:= SetCursor(),; 
      cTela:= ScreenSave( 0, 0, 24, 79 ) 
Local nArea:= Select(), nOrdem:= IndexOrd() 
Local nValorTotal:= 0 
Local oTab 
cHistorico:= "REF. RECEBIMENTOS N/ DATA " 
DBSelectAr( _COD_DUPAUX ) 
DBLeOrdem() 
VPBOX( 03, 03, 20, 76, " DUPLICATAS DO SISTEMA ", _COR_BROW_BOX, .F., .F. ) 
oTab:=tbrowsedb( 04, 04, 19, 75 ) 
oTab:addcolumn(tbcolumnnew(,{|| STRZERO(CODNF_,6,0)+" "+LEFT( CDESCR, 34 )+" "+Tran( VLR___, "@E 9,999,999.99" ) + " " + DTOC( VENC__ ) + " " + DTOC( DTQT__ )})) 
oTab:AUTOLITE:=.F. 
oTab:dehilite() 
WHILE .T. 
   oTab:colorrect({oTab:ROWPOS,1,oTab:ROWPOS,oTab:COLCOUNT},{2,1}) 
   whil nextkey()==0 .and.! oTab:stabilize() 
   enddo 
   IF ( nTecla:=inkey(0) )==K_ESC 
      EXIT 
   ENDIF 
   do case 
      case nTecla==K_UP         ;oTab:up() 
      case nTecla==K_LEFT       ;oTab:up() 
      case nTecla==K_RIGHT      ;oTab:down() 
      case nTecla==K_DOWN       ;oTab:down() 
      case nTecla==K_PGUP       ;oTab:pageup() 
      case nTecla==K_PGDN       ;oTab:pagedown() 
      case nTecla==K_CTRL_PGUP  ;oTab:gotop() 
      case nTecla==K_CTRL_PGDN  ;oTab:gobottom() 
      case nTecla==K_ENTER 
           cTelaRes:= ScreenSave( 0, 0, 24, 79 ) 
           IF !EMPTY( DTQT__ ) 
              Aviso( "Duplicata j  esta quitada!" ) 
              Pausa() 
           ELSE 
              VPBox( 05, 05, 14, 40, "Pagamento", _COR_GET_BOX ) 
              SetColor( _COR_GET_EDICAO ) 
              dData:= DATE() 
              cCheque:= CHEQ__ 
              nValor:= VLR___ 
              nBanco:= 0 
              nLocal_:=   LOCAL_ 
              nJuros:=    JUROS_ 
              nDesconto:= VLRDES 
              nResiduo:=  0 
              dVencimento:= CTOD( "  /  /  " ) 
              cCheque2:= Space( 15 ) 
              nCursorRes:= SetCursor( 1 ) 
              nRecebido:= 0 
              cObservacoes:= OBS___ 
              @ 06,06 Say "Data Pagamento:" Get dData 
              @ 07,06 Say "Cheque........:" Get cCheque 
              @ 08,06 Say "Local.........:" Get nLocal_ 
              @ 09,06 Say "Valor Pago....:" Get nValor Pict "@E 9 999 999.99" Valid TestaValor( @nValor, @nJuros, @nDesconto, @nLocal_, @dData, @nRecebido ) 
              @ 10,06 Say "Juros.........:" Get nJuros Pict "@E 9 999 999.99" 
              @ 11,06 Say "Desconto......:" Get nDesconto Pict "@E 9 999 999.99" 
              @ 12,06 Say "Observacoes...:" Get cObservacoes 
              READ 
              IF !LastKey()==K_ESC 
                 lSaida:= .F. 
                 IF NetRLock() 
                    Replace VLR___ With nValor 
                    Replace CHEQ__ With cCheque,; 
                            DTQT__ With dData,; 
                            QUIT__ With "S",; 
                            LOCAL_ With nLocal_ 
                    LancaCliente( CLIENT, nRecebido, 0 ) 
                 ENDIF 
                 nValorTotal:= nValorTotal + nRecebido 
                 IF AT( StrZero( CODNF_, 6, 0 ), cHistorico ) <= 0 
                    cHistorico:= cHistorico + " " + StrZero( CODNF_, 6, 0 ) + "," 
                 ENDIF 
              ENDIF 
              SetCursor( nCursorRes ) 
           ENDIF 
           ScreenRest( cTelaRes ) 
           oTab:RefreshAll() 
           WHILE !oTab:Stabilize() 
           ENDDO 
      case nTecla == K_F2 
           DBMudaOrdem( 1, oTab ) 
      case nTecla == K_F3 
           DBMudaOrdem( 2, oTab ) 
      case nTecla == K_F4 
           DBMudaOrdem( 4, oTab ) 
      case DBPesquisa( nTecla, oTab ) 
      otherwise 
   endcase 
   oTab:refreshcurrent() 
   oTab:stabilize() 
ENDDO 
DBSelectAr( nArea ) 
DBSetOrder( nOrdem ) 
SetColor( cCor ) 
SetCursor( nCursor ) 
ScreenRest( cTela ) 
Return nValorTotal 
 
/***** 
ÚÄÄÄÄÄÄÄÄÄÄÄÄÄ¿ 
³ Funcao      ³ BUSCAPAGAR 
³ Finalidade  ³ Buscar duplicatas 
³ Parametros  ³ Nil 
³ Retorno     ³ Nil 
³ Programador ³ Valmor Pereira Flores 
³ Data        ³ 02/Setembro/1998 
ÀÄÄÄÄÄÄÄÄÄÄÄÄÄÙ 
*/ 
Static Function BuscaPagar( nVlrDisponivel, cHistorico ) 
Local cCor:= SetColor(), nCursor:= SetCursor(),; 
      cTela:= ScreenSave( 0, 0, 24, 79 ) 
Local nArea:= Select(), nOrdem:= IndexOrd() 
Local nValorTotal:= 0 
Local oTab 
cHistorico:= "REF. PAGAMENTOS DIVERSOS" 
DBSelectAr( _COD_PAGAR ) 
Set Filter To CODFOR == DES->CODIGO 
DBGoTop() 
DBLeOrdem() 
VPBOX( 03, 03, 20, 76, " CONTAS PAGAS & A PAGAR ", _COR_BROW_BOX, .F., .F. ) 
oTab:=tbrowsedb( 04, 04, 19, 75 ) 
oTab:addcolumn(tbcolumnnew(,{|| DOC___+" "+StrZero( BANCO_, 3, 0 )+" "+Tran( VALOR_, "@E 9,999,999.99" ) + " " + DTOC( VENCIM ) + " " + DTOC( DATAPG ) + " " + CHEQUE })) 
oTab:AUTOLITE:=.F. 
oTab:dehilite() 
WHILE .T. 
   oTab:colorrect({oTab:ROWPOS,1,oTab:ROWPOS,oTab:COLCOUNT},{2,1}) 
   whil nextkey()==0 .and.! oTab:stabilize() 
   enddo 
   IF ( nTecla:=inkey(0) )==K_ESC 
      EXIT 
   ENDIF 
   do case 
      case nTecla==K_UP         ;oTab:up() 
      case nTecla==K_LEFT       ;oTab:up() 
      case nTecla==K_RIGHT      ;oTab:down() 
      case nTecla==K_DOWN       ;oTab:down() 
      case nTecla==K_PGUP       ;oTab:pageup() 
      case nTecla==K_PGDN       ;oTab:pagedown() 
      case nTecla==K_CTRL_PGUP  ;oTab:gotop() 
      case nTecla==K_CTRL_PGDN  ;oTab:gobottom() 
      case nTecla==K_ENTER 
           IF !EMPTY( DATAPG ) 
              //nValorTotal + VALOR_ > nVlrDisponivel 
              cTelaRes:= ScreenSave( 0, 0, 24, 79 ) 
              Aviso( "Conta j  esta quitada!" ) 
              Pausa() 
              Screenrest( cTelaRes ) 
           ELSE 
              cTelaRes:= ScreenSave( 0, 0, 24, 79 ) 
              VPBox( 05, 05, 14, 40, "Pagamento", _COR_GET_BOX ) 
              SetColor( _COR_GET_EDICAO ) 
              dData:= DATE() 
              cCheque:= CHEQUE 
              nValor:= VALOR_ 
              nBanco:= 0 
              nResiduo:= 0 
              dVencimento:= CTOD( "  /  /  " ) 
              cCheque2:= Space( 15 ) 
              @ 06,06 Say "Data Pagamento:" Get dData 
              @ 07,06 Say "Cheque........:" Get cCheque 
              @ 08,06 Say "Valor Pago....:" Get nValor Pict "@E 9 999 999.99" 
              @ 09,06 Say "ÄÄÄÄÄÄÄÄÄÄÄÄÄDiferencaÄÄÄÄÄÄÄÄÄÄÄ-" 
              @ 10,06 Say "Valor.........:" Get nResiduo Pict "@E 9 999 999.99" When PegaDif( VALOR_, nValor, @nResiduo ) 
              @ 11,06 Say "Vencimento....:" Get dVencimento 
              @ 12,06 Say "Banco.........:" Get nBanco Pict "999" Valid PesqBco( @nBanco ) 
              @ 13,06 Say "Cheque........:" Get cCheque2 
              READ 
              IF NetRLock() 
                 Replace CHEQUE With cCheque,; 
                         DATAPG With dData,; 
                         QUITAD With "S" 
              ENDIF 
              IF nResiduo > 0 
                 nCodNF_:= NFISC_ 
                 nCodFor:= CODFOR 
                 cObserv:= "PARCELA COMPLEMENTAR (DIF)" 
                 nCodigo:= CODIGO 
                 DBAppend() 
                 IF NetRLock() 
                    Replace NFISC_ With nCodNf_,; 
                            CODFOR With nCodFor,; 
                            VALOR_ With nResiduo,; 
                            OBSERV With cObserv,; 
                            BANCO_ With nBanco,; 
                            EMISS_ With DATE(),; 
                            VENCIM With dVencimento,; 
                            CHEQUE With cCheque2,; 
                            CODIGO With nCodigo 
                 ENDIF 
              ENDIF 
              nValorTotal:= nValorTotal + nValor 
              //IF AT( StrZero( NFISC_, 6, 0 ), cHistorico ) <= 0 
              //   cHistorico:= cHistorico + " " + StrZero( NFISC_, 6, 0 ) + "," 
              //ENDIF 
              ScreenRest( cTelaRes ) 
           ENDIF 
      case nTecla == K_F2 
           DBMudaOrdem( 1, oTab ) 
      case nTecla == K_F3 
           DBMudaOrdem( 2, oTab ) 
      case nTecla == K_F4 
           DBMudaOrdem( 4, oTab ) 
      case DBPesquisa( nTecla, oTab ) 
      otherwise 
   endcase 
   oTab:refreshcurrent() 
   oTab:stabilize() 
ENDDO 
Set Filter To 
DBSelectAr( nArea ) 
DBSetOrder( nOrdem ) 
SetColor( cCor ) 
SetCursor( nCursor ) 
ScreenRest( cTela ) 
Return nValorTotal 
 
Function PegaDif( nValorPago, nValor, nResiduo ) 
nResiduo:= nValorPago - nValor 
Return .T. 
 
/***** 
ÚÄÄÄÄÄÄÄÄÄÄÄÄÄ¿ 
³ Funcao      ³ LancaConta 
³ Finalidade  ³ Fazer Lancamentos Contabeis 
³ Parametros  ³ Nil 
³ Retorno     ³ Nil 
³ Programador ³ Valmor Pereira Flores 
³ Data        ³ 
ÀÄÄÄÄÄÄÄÄÄÄÄÄÄÙ 
*/ 
Function LancaMovimento( dDataLan, nConta, cDescricao, cTipo, ; 
                     cHis1, cHis2, nVlrDeb, nVlrCred ) 
Local nArea:= Select(), nOrdem:= IndexOrd() 
Local cCor:= SetColor(), nCursor:= SetCursor(),; 
      cTela:= ScreenSave( 0, 0, 24, 79 ) 
DBSelectAr( _COD_MOVIMENTO ) 
DBAppend() 
Replace DATA__ With dDataLan,; 
        NCONTA With nConta,; 
        TCONTA With cTipo,; 
        DCONTA With cDescricao,; 
        HISTO1 With cHis1,; 
        HISTO2 With cHis2,; 
        DEBITO With nVlrDeb,; 
        CREDIT With nVlrCred 
DBSelectAr( nArea ) 
DBUnlockAll() 
SetColor( cCor ) 
SetCursor( nCursor ) 
ScreenRest( cTela ) 
Return Nil 
 
/***** 
ÚÄÄÄÄÄÄÄÄÄÄÄÄÄ¿ 
³ Funcao      ³ LancaSaldos 
³ Finalidade  ³ Fazer Lancamentos nas Respectivas Contas 
³ Parametros  ³ Nil 
³ Retorno     ³ Nil 
³ Programador ³ Valmor Pereira Flores 
³ Data        ³ 
ÀÄÄÄÄÄÄÄÄÄÄÄÄÄÙ 
*/ 
Function LancaSaldos( nConta, cDescricao, cTipo, nVlrDeb, nVlrCred ) 
Local nArea:= Select(), nOrdem:= IndexOrd() 
 
   /* Seleciona o arquivo conforme o lancamento */ 
   IF cTipo == "R" 
      DBSelectAr( _COD_RECEITAS ) 
   ELSEIF cTipo == "D" 
      DBSelectAr( _COD_DESPESAS ) 
   ELSEIF cTipo == "T" 
      DBSelectAr( _COD_BANCO ) 
   ENDIF 
 
   /* Faz Lancamentos */ 
   nOrd:= IndexOrd() 
   DBSetOrder( 1 ) 
   IF DBSeek( nConta ) 
      IF NetRLock() 
         Replace SALDO_ With SALDO_ + nVlrCred 
         Replace SALDO_ With SALDO_ - nVlrDeb 
      ENDIF 
   ENDIF 
   DBSetOrder( nOrd ) 
 
DBSelectAr( nArea ) 
Return Nil 
 
 
 
 
